<?xml version="1.0" encoding="UTF-8"?>
<testsuite xmlns:xsi="http://www.w3.org/2001/XMLSchema-instance" xsi:noNamespaceSchemaLocation="https://maven.apache.org/surefire/maven-surefire-plugin/xsd/surefire-test-report-3.0.xsd" version="3.0" name="com.enterprise.dependency.engine.ConflictResolutionEngineTest" time="0.007" tests="8" errors="0" skipped="0" failures="0">
  <properties>
[...]
</properties>
  <testcase name="resolveClaimsShouldHandleNullConfidenceScore" classname="com.enterprise.dependency.engine.ConflictResolutionEngineTest" time="0.0">
    <system-out><![CDATA[03:11:00.999 [main] DEBUG com.enterprise.dependency.model.core.Claim - Validated Claim: Claim{id='claim-no-score', sourceType='ROUTER_LOG', rawData='no score', processedData='app-a -> app-b', timestamp=2025-07-05T00:11:00.999586Z}
03:11:00.999 [main] DEBUG com.enterprise.dependency.engine.ConflictResolutionEngine - Single claim provided, no conflict resolution needed
03:11:00.999 [main] DEBUG com.enterprise.dependency.model.core.Claim - Validated Claim: Claim{id='claim-no-score', sourceType='ROUTER_LOG', rawData='no score', processedData='app-a -> app-b', timestamp=2025-07-05T00:11:00.999586Z}
]]></system-out>
  </testcase>
  <testcase name="resolveClaimsShouldReturnEmptyListForNullInput" classname="com.enterprise.dependency.engine.ConflictResolutionEngineTest" time="0.001">
    <system-out><![CDATA[03:11:01.000 [main] WARN com.enterprise.dependency.engine.ConflictResolutionEngine - No claims provided for conflict resolution
]]></system-out>
  </testcase>
  <testcase name="resolveClaimsShouldReturnEmptyListForEmptyInput" classname="com.enterprise.dependency.engine.ConflictResolutionEngineTest" time="0.0">
    <system-out><![CDATA[03:11:01.000 [main] WARN com.enterprise.dependency.engine.ConflictResolutionEngine - No claims provided for conflict resolution
]]></system-out>
  </testcase>
  <testcase name="resolveClaimsShouldHandleMultipleDifferentDependencies" classname="com.enterprise.dependency.engine.ConflictResolutionEngineTest" time="0.001">
    <system-out><![CDATA[03:11:01.001 [main] DEBUG com.enterprise.dependency.model.core.Claim - Validated Claim: Claim{id='claim-001', sourceType='CODEBASE', rawData='dep1', processedData='app-a -> app-b', timestamp=2025-07-05T00:11:01.001073Z}
03:11:01.001 [main] DEBUG com.enterprise.dependency.model.core.Claim - Validated Claim: Claim{id='claim-002', sourceType='ROUTER_LOG', rawData='dep2', processedData='app-c -> app-d', timestamp=2025-07-05T00:11:01.001129Z}
03:11:01.001 [main] INFO com.enterprise.dependency.engine.ConflictResolutionEngine - Resolving conflicts for 2 claims
03:11:01.001 [main] INFO com.enterprise.dependency.engine.ConflictResolutionEngine - Resolved 2 claim groups into 2 final claims
]]></system-out>
  </testcase>
  <testcase name="resolveClaimsShouldPreferRecentClaimsOverOldClaims" classname="com.enterprise.dependency.engine.ConflictResolutionEngineTest" time="0.002">
    <system-out><![CDATA[03:11:01.002 [main] DEBUG com.enterprise.dependency.model.core.Claim - Validated Claim: Claim{id='claim-recent', sourceType='ROUTER_LOG', rawData='recent log', processedData='app-x -> app-y', timestamp=2025-07-05T00:11:01.002309Z}
03:11:01.002 [main] DEBUG com.enterprise.dependency.model.core.Claim - Validated Claim: Claim{id='claim-old', sourceType='ROUTER_LOG', rawData='old log', processedData='app-x -> app-y', timestamp=2025-07-03T00:11:01.002309Z}
03:11:01.002 [main] INFO com.enterprise.dependency.engine.ConflictResolutionEngine - Resolving conflicts for 2 claims
03:11:01.002 [main] DEBUG com.enterprise.dependency.engine.ConflictResolutionEngine - Resolving 2 conflicting claims for dependency: app-x -> app-y
03:11:01.004 [main] DEBUG com.enterprise.dependency.engine.ConflictResolutionEngine - Claim claim-recent weights - base: {:.3f}, source: {:.3f}, recency: {:.3f}, frequency: {:.3f}, final: {:.3f}
03:11:01.004 [main] DEBUG com.enterprise.dependency.engine.ConflictResolutionEngine - Claim claim-recent weighted score: {:.3f}
03:11:01.004 [main] DEBUG com.enterprise.dependency.engine.ConflictResolutionEngine - Claim claim-old weights - base: {:.3f}, source: {:.3f}, recency: {:.3f}, frequency: {:.3f}, final: {:.3f}
03:11:01.004 [main] DEBUG com.enterprise.dependency.engine.ConflictResolutionEngine - Claim claim-old weighted score: {:.3f}
03:11:01.004 [main] INFO com.enterprise.dependency.engine.ConflictResolutionEngine - Resolved conflict: selected claim claim-recent with confidence 0.7480000000000001
03:11:01.004 [main] DEBUG com.enterprise.dependency.model.core.Claim - Validated Claim: Claim{id='claim-recent_resolved', sourceType='CONFLICT_RESOLVED', rawData='recent log', processedData='app-x -> app-y', timestamp=2025-07-05T00:11:01.004635Z}
03:11:01.004 [main] INFO com.enterprise.dependency.engine.ConflictResolutionEngine - Resolved 1 claim groups into 1 final claims
]]></system-out>
  </testcase>
  <testcase name="resolveClaimsShouldPreferCodebaseOverRouterLog" classname="com.enterprise.dependency.engine.ConflictResolutionEngineTest" time="0.001">
    <system-out><![CDATA[03:11:01.005 [main] DEBUG com.enterprise.dependency.model.core.Claim - Validated Claim: Claim{id='claim-codebase', sourceType='CODEBASE', rawData='maven dependency', processedData='user-service -> database', timestamp=2025-07-05T00:11:01.005073Z}
03:11:01.005 [main] DEBUG com.enterprise.dependency.model.core.Claim - Validated Claim: Claim{id='claim-router', sourceType='ROUTER_LOG', rawData='HTTP request log', processedData='user-service -> database', timestamp=2025-07-05T00:11:01.005073Z}
03:11:01.005 [main] INFO com.enterprise.dependency.engine.ConflictResolutionEngine - Resolving conflicts for 2 claims
03:11:01.005 [main] DEBUG com.enterprise.dependency.engine.ConflictResolutionEngine - Resolving 2 conflicting claims for dependency: user-service -> database
03:11:01.005 [main] DEBUG com.enterprise.dependency.engine.ConflictResolutionEngine - Claim claim-codebase weights - base: {:.3f}, source: {:.3f}, recency: {:.3f}, frequency: {:.3f}, final: {:.3f}
03:11:01.005 [main] DEBUG com.enterprise.dependency.engine.ConflictResolutionEngine - Claim claim-codebase weighted score: {:.3f}
03:11:01.005 [main] DEBUG com.enterprise.dependency.engine.ConflictResolutionEngine - Claim claim-router weights - base: {:.3f}, source: {:.3f}, recency: {:.3f}, frequency: {:.3f}, final: {:.3f}
03:11:01.005 [main] DEBUG com.enterprise.dependency.engine.ConflictResolutionEngine - Claim claim-router weighted score: {:.3f}
03:11:01.005 [main] INFO com.enterprise.dependency.engine.ConflictResolutionEngine - Resolved conflict: selected claim claim-codebase with confidence 0.99275
03:11:01.005 [main] DEBUG com.enterprise.dependency.model.core.Claim - Validated Claim: Claim{id='claim-codebase_resolved', sourceType='CONFLICT_RESOLVED', rawData='maven dependency', processedData='user-service -> database', timestamp=2025-07-05T00:11:01.005268Z}
03:11:01.005 [main] INFO com.enterprise.dependency.engine.ConflictResolutionEngine - Resolved 1 claim groups into 1 final claims
]]></system-out>
  </testcase>
  <testcase name="resolveClaimsShouldReturnSameClaimForSingleInput" classname="com.enterprise.dependency.engine.ConflictResolutionEngineTest" time="0.0">
    <system-out><![CDATA[03:11:01.005 [main] DEBUG com.enterprise.dependency.model.core.Claim - Validated Claim: Claim{id='claim-001', sourceType='CODEBASE', rawData='dependency info', processedData='app-a -> app-b', timestamp=2025-07-05T00:11:01.005623Z}
03:11:01.005 [main] DEBUG com.enterprise.dependency.engine.ConflictResolutionEngine - Single claim provided, no conflict resolution needed
]]></system-out>
  </testcase>
  <testcase name="applyBusinessRulesShouldReturnSameClaimForNow" classname="com.enterprise.dependency.engine.ConflictResolutionEngineTest" time="0.001">
    <system-out><![CDATA[03:11:01.005 [main] DEBUG com.enterprise.dependency.model.core.Claim - Validated Claim: Claim{id='claim-001', sourceType='CODEBASE', rawData='business rule test', processedData='app-a -> app-b', timestamp=2025-07-05T00:11:01.005987Z}
03:11:01.006 [main] DEBUG com.enterprise.dependency.engine.ConflictResolutionEngine - Applied business rules to claim: claim-001
]]></system-out>
  </testcase>
</testsuite>