<?xml version="1.0" encoding="UTF-8"?>
<testsuite xmlns:xsi="http://www.w3.org/2001/XMLSchema-instance" xsi:noNamespaceSchemaLocation="https://maven.apache.org/surefire/maven-surefire-plugin/xsd/surefire-test-report-3.0.xsd" version="3.0" name="com.enterprise.dependency.adapter.ApiGatewayAdapterTest" time="0.123" tests="8" errors="0" skipped="0" failures="0">
  <properties>
[...]
</properties>
  <testcase name="shouldHandleAwsCloudWatchFormat" classname="com.enterprise.dependency.adapter.ApiGatewayAdapterTest" time="0.098">
    <system-out><![CDATA[03:11:00.915 [main] INFO com.enterprise.dependency.adapter.ApiGatewayAdapter - Parsing API Gateway logs in aws-cloudwatch format
03:11:00.928 [main] DEBUG com.enterprise.dependency.model.sources.ApiGatewayCall - Validated ApiGatewayCall: ApiGatewayCall{timestamp=2024-01-15T10:30:00Z, sourceService='unknown-client', targetService='users-service', endpoint='/api/users', method='GET', responseTime=125}
03:11:00.943 [main] DEBUG com.enterprise.dependency.model.core.Claim - Validated Claim: Claim{id='apigateway_bf4a79c1-e28e-4483-98aa-2d0a6320a5c8', sourceType='API_GATEWAY', rawData='GET /api/users [2024-01-15T10:30:00Z] 125ms', processedData='unknown-client -> users-service', timestamp=2024-01-15T10:30:00Z}
03:11:00.943 [main] INFO com.enterprise.dependency.adapter.ApiGatewayAdapter - Extracted 1 API call claims from aws-cloudwatch format logs
]]></system-out>
  </testcase>
  <testcase name="shouldParseJsonLogs" classname="com.enterprise.dependency.adapter.ApiGatewayAdapterTest" time="0.001">
    <system-out><![CDATA[03:11:00.945 [main] INFO com.enterprise.dependency.adapter.ApiGatewayAdapter - Parsing API Gateway logs in json format
03:11:00.945 [main] DEBUG com.enterprise.dependency.model.sources.ApiGatewayCall - Validated ApiGatewayCall: ApiGatewayCall{timestamp=2024-01-15T10:30:00Z, sourceService='web-portal', targetService='users-service', endpoint='/api/v1/users', method='GET', responseTime=125}
03:11:00.945 [main] DEBUG com.enterprise.dependency.model.core.Claim - Validated Claim: Claim{id='apigateway_36fd178c-e9a7-4b32-b4ba-250dfd8f882a', sourceType='API_GATEWAY', rawData='GET /api/v1/users [2024-01-15T10:30:00Z] 125ms', processedData='web-portal -> users-service', timestamp=2024-01-15T10:30:00Z}
03:11:00.945 [main] DEBUG com.enterprise.dependency.model.sources.ApiGatewayCall - Validated ApiGatewayCall: ApiGatewayCall{timestamp=2024-01-15T10:31:00Z, sourceService='mobile-app', targetService='orders-service', endpoint='/api/v1/orders', method='POST', responseTime=250}
03:11:00.946 [main] DEBUG com.enterprise.dependency.model.core.Claim - Validated Claim: Claim{id='apigateway_3069ad63-090d-4527-96d0-7f941295c063', sourceType='API_GATEWAY', rawData='POST /api/v1/orders [2024-01-15T10:31:00Z] 250ms', processedData='mobile-app -> orders-service', timestamp=2024-01-15T10:31:00Z}
03:11:00.946 [main] INFO com.enterprise.dependency.adapter.ApiGatewayAdapter - Extracted 2 API call claims from json format logs
]]></system-out>
  </testcase>
  <testcase name="shouldExtractTargetServiceFromEndpoints" classname="com.enterprise.dependency.adapter.ApiGatewayAdapterTest" time="0.002">
    <system-out><![CDATA[03:11:00.947 [main] INFO com.enterprise.dependency.adapter.ApiGatewayAdapter - Parsing API Gateway logs in json format
03:11:00.947 [main] DEBUG com.enterprise.dependency.model.sources.ApiGatewayCall - Validated ApiGatewayCall: ApiGatewayCall{timestamp=2024-01-15T10:30:00Z, sourceService='client', targetService='users-service', endpoint='/api/users', method='GET', responseTime=null}
03:11:00.947 [main] DEBUG com.enterprise.dependency.model.core.Claim - Validated Claim: Claim{id='apigateway_7da4c549-78ec-4335-9312-cbcebae5a49f', sourceType='API_GATEWAY', rawData='GET /api/users [2024-01-15T10:30:00Z] 0ms', processedData='client -> users-service', timestamp=2024-01-15T10:30:00Z}
03:11:00.947 [main] DEBUG com.enterprise.dependency.model.sources.ApiGatewayCall - Validated ApiGatewayCall: ApiGatewayCall{timestamp=2024-01-15T10:31:00Z, sourceService='client', targetService='products-service', endpoint='/v1/products', method='GET', responseTime=null}
03:11:00.947 [main] DEBUG com.enterprise.dependency.model.core.Claim - Validated Claim: Claim{id='apigateway_dd8c4ed2-3c36-4770-a31f-2566e04255a5', sourceType='API_GATEWAY', rawData='GET /v1/products [2024-01-15T10:31:00Z] 0ms', processedData='client -> products-service', timestamp=2024-01-15T10:31:00Z}
03:11:00.947 [main] DEBUG com.enterprise.dependency.model.sources.ApiGatewayCall - Validated ApiGatewayCall: ApiGatewayCall{timestamp=2024-01-15T10:32:00Z, sourceService='client', targetService='orders-service', endpoint='/orders/123', method='GET', responseTime=null}
03:11:00.947 [main] DEBUG com.enterprise.dependency.model.core.Claim - Validated Claim: Claim{id='apigateway_dcfa8dc6-e009-4f35-8bf2-359038d4a0bf', sourceType='API_GATEWAY', rawData='GET /orders/123 [2024-01-15T10:32:00Z] 0ms', processedData='client -> orders-service', timestamp=2024-01-15T10:32:00Z}
03:11:00.947 [main] DEBUG com.enterprise.dependency.model.sources.ApiGatewayCall - Validated ApiGatewayCall: ApiGatewayCall{timestamp=2024-01-15T10:33:00Z, sourceService='client', targetService='unknown-service', endpoint='/unknown/path/here', method='GET', responseTime=null}
03:11:00.947 [main] DEBUG com.enterprise.dependency.model.core.Claim - Validated Claim: Claim{id='apigateway_a26acba2-6fcb-4f11-a852-93b3522d599d', sourceType='API_GATEWAY', rawData='GET /unknown/path/here [2024-01-15T10:33:00Z] 0ms', processedData='client -> unknown-service', timestamp=2024-01-15T10:33:00Z}
03:11:00.948 [main] INFO com.enterprise.dependency.adapter.ApiGatewayAdapter - Extracted 4 API call claims from json format logs
]]></system-out>
  </testcase>
  <testcase name="shouldParseClfLogs" classname="com.enterprise.dependency.adapter.ApiGatewayAdapterTest" time="0.006">
    <system-out><![CDATA[03:11:00.948 [main] INFO com.enterprise.dependency.adapter.ApiGatewayAdapter - Parsing API Gateway logs in clf format
03:11:00.953 [main] DEBUG com.enterprise.dependency.model.sources.ApiGatewayCall - Validated ApiGatewayCall: ApiGatewayCall{timestamp=2024-01-15T10:30:00Z, sourceService='client-192-168-1-100', targetService='users-service', endpoint='/api/v1/users', method='GET', responseTime=125}
03:11:00.953 [main] DEBUG com.enterprise.dependency.model.core.Claim - Validated Claim: Claim{id='apigateway_def071ad-d21a-46a3-9b26-b96fb075cff9', sourceType='API_GATEWAY', rawData='GET /api/v1/users [2024-01-15T10:30:00Z] 125ms', processedData='client-192-168-1-100 -> users-service', timestamp=2024-01-15T10:30:00Z}
03:11:00.953 [main] DEBUG com.enterprise.dependency.model.sources.ApiGatewayCall - Validated ApiGatewayCall: ApiGatewayCall{timestamp=2024-01-15T10:31:00Z, sourceService='client-10-0-0-50', targetService='orders-service', endpoint='/api/v1/orders', method='POST', responseTime=250}
03:11:00.953 [main] DEBUG com.enterprise.dependency.model.core.Claim - Validated Claim: Claim{id='apigateway_5737fd30-367f-4fd0-9051-808f7e5b84f2', sourceType='API_GATEWAY', rawData='POST /api/v1/orders [2024-01-15T10:31:00Z] 250ms', processedData='client-10-0-0-50 -> orders-service', timestamp=2024-01-15T10:31:00Z}
03:11:00.954 [main] INFO com.enterprise.dependency.adapter.ApiGatewayAdapter - Extracted 2 API call claims from clf format logs
]]></system-out>
  </testcase>
  <testcase name="shouldDeriveSourceFromUserAgent" classname="com.enterprise.dependency.adapter.ApiGatewayAdapterTest" time="0.002">
    <system-out><![CDATA[03:11:00.956 [main] INFO com.enterprise.dependency.adapter.ApiGatewayAdapter - Parsing API Gateway logs in clf format
03:11:00.956 [main] DEBUG com.enterprise.dependency.model.sources.ApiGatewayCall - Validated ApiGatewayCall: ApiGatewayCall{timestamp=2024-01-15T10:30:00Z, sourceService='mobile-client', targetService='users-service', endpoint='/api/users', method='GET', responseTime=125}
03:11:00.956 [main] DEBUG com.enterprise.dependency.model.core.Claim - Validated Claim: Claim{id='apigateway_41a11053-b48b-4e4f-ad2f-f16f11248927', sourceType='API_GATEWAY', rawData='GET /api/users [2024-01-15T10:30:00Z] 125ms', processedData='mobile-client -> users-service', timestamp=2024-01-15T10:30:00Z}
03:11:00.956 [main] DEBUG com.enterprise.dependency.model.sources.ApiGatewayCall - Validated ApiGatewayCall: ApiGatewayCall{timestamp=2024-01-15T10:31:00Z, sourceService='order-service-proxy', targetService='orders-service', endpoint='/api/orders', method='POST', responseTime=250}
03:11:00.957 [main] DEBUG com.enterprise.dependency.model.core.Claim - Validated Claim: Claim{id='apigateway_09ec7ab3-ffc5-41b1-aa77-8de90cf1fe40', sourceType='API_GATEWAY', rawData='POST /api/orders [2024-01-15T10:31:00Z] 250ms', processedData='order-service-proxy -> orders-service', timestamp=2024-01-15T10:31:00Z}
03:11:00.957 [main] INFO com.enterprise.dependency.adapter.ApiGatewayAdapter - Extracted 2 API call claims from clf format logs
]]></system-out>
  </testcase>
  <testcase name="shouldCalculateConfidenceScores" classname="com.enterprise.dependency.adapter.ApiGatewayAdapterTest" time="0.002">
    <system-out><![CDATA[03:11:00.958 [main] INFO com.enterprise.dependency.adapter.ApiGatewayAdapter - Parsing API Gateway logs in json format
03:11:00.958 [main] DEBUG com.enterprise.dependency.model.sources.ApiGatewayCall - Validated ApiGatewayCall: ApiGatewayCall{timestamp=2024-01-15T10:30:00Z, sourceService='web-portal', targetService='users-service', endpoint='/api/v1/users', method='GET', responseTime=125}
03:11:00.958 [main] DEBUG com.enterprise.dependency.model.core.Claim - Validated Claim: Claim{id='apigateway_6698255c-a8f9-4de1-92da-686847a9fb57', sourceType='API_GATEWAY', rawData='GET /api/v1/users [2024-01-15T10:30:00Z] 125ms', processedData='web-portal -> users-service', timestamp=2024-01-15T10:30:00Z}
03:11:00.958 [main] DEBUG com.enterprise.dependency.model.sources.ApiGatewayCall - Validated ApiGatewayCall: ApiGatewayCall{timestamp=2024-01-15T10:31:00Z, sourceService='unknown', targetService='weird-path-service', endpoint='/weird-path', method='UNKNOWN', responseTime=5}
03:11:00.959 [main] DEBUG com.enterprise.dependency.model.core.Claim - Validated Claim: Claim{id='apigateway_0a6bf5ee-6948-46b1-ab81-99a262c52f6d', sourceType='API_GATEWAY', rawData='UNKNOWN /weird-path [2024-01-15T10:31:00Z] 5ms', processedData='unknown -> weird-path-service', timestamp=2024-01-15T10:31:00Z}
03:11:00.959 [main] DEBUG com.enterprise.dependency.model.sources.ApiGatewayCall - Validated ApiGatewayCall: ApiGatewayCall{timestamp=2024-01-15T10:32:00Z, sourceService='mobile-app', targetService='orders-service', endpoint='/api/v2/orders', method='POST', responseTime=15000}
03:11:00.959 [main] DEBUG com.enterprise.dependency.model.core.Claim - Validated Claim: Claim{id='apigateway_e57ea241-0ace-4ef8-b0d2-a5480824e9ab', sourceType='API_GATEWAY', rawData='POST /api/v2/orders [2024-01-15T10:32:00Z] 15000ms', processedData='mobile-app -> orders-service', timestamp=2024-01-15T10:32:00Z}
03:11:00.959 [main] INFO com.enterprise.dependency.adapter.ApiGatewayAdapter - Extracted 3 API call claims from json format logs
]]></system-out>
  </testcase>
  <testcase name="shouldHandleIncompleteLogEntries" classname="com.enterprise.dependency.adapter.ApiGatewayAdapterTest" time="0.005">
    <system-out><![CDATA[03:11:00.960 [main] INFO com.enterprise.dependency.adapter.ApiGatewayAdapter - Parsing API Gateway logs in json format
03:11:00.961 [main] DEBUG com.enterprise.dependency.adapter.ApiGatewayAdapter - Incomplete log entry (missing method, endpoint, or timestamp), skipping: {"timestamp":"2024-01-15T10:30:00Z"}
03:11:00.965 [main] DEBUG com.enterprise.dependency.adapter.ApiGatewayAdapter - Incomplete log entry (missing method, endpoint, or timestamp), skipping: {"method":"GET","path":"/api/users"}
03:11:00.965 [main] DEBUG com.enterprise.dependency.model.sources.ApiGatewayCall - Validated ApiGatewayCall: ApiGatewayCall{timestamp=2024-01-15T10:31:00Z, sourceService='client', targetService='orders-service', endpoint='/api/orders', method='POST', responseTime=null}
03:11:00.965 [main] DEBUG com.enterprise.dependency.model.core.Claim - Validated Claim: Claim{id='apigateway_cf76c477-e3f6-4562-8f87-bea3ef979082', sourceType='API_GATEWAY', rawData='POST /api/orders [2024-01-15T10:31:00Z] 0ms', processedData='client -> orders-service', timestamp=2024-01-15T10:31:00Z}
03:11:00.965 [main] INFO com.enterprise.dependency.adapter.ApiGatewayAdapter - Extracted 1 API call claims from json format logs
]]></system-out>
  </testcase>
  <testcase name="shouldHandleEmptyAndInvalidLogs" classname="com.enterprise.dependency.adapter.ApiGatewayAdapterTest" time="0.002">
    <system-out><![CDATA[03:11:00.967 [main] WARN com.enterprise.dependency.adapter.ApiGatewayAdapter - Empty log data provided for API Gateway parsing
03:11:00.967 [main] WARN com.enterprise.dependency.adapter.ApiGatewayAdapter - Empty log data provided for API Gateway parsing
03:11:00.967 [main] INFO com.enterprise.dependency.adapter.ApiGatewayAdapter - Parsing API Gateway logs in json format
03:11:00.967 [main] INFO com.enterprise.dependency.adapter.ApiGatewayAdapter - Extracted 0 API call claims from json format logs
03:11:00.967 [main] INFO com.enterprise.dependency.adapter.ApiGatewayAdapter - Parsing API Gateway logs in unsupported format
03:11:00.967 [main] WARN com.enterprise.dependency.adapter.ApiGatewayAdapter - Unsupported API Gateway log format: unsupported
03:11:00.967 [main] INFO com.enterprise.dependency.adapter.ApiGatewayAdapter - Extracted 0 API call claims from unsupported format logs
]]></system-out>
  </testcase>
</testsuite>