<?xml version="1.0" encoding="UTF-8"?>
<testsuite xmlns:xsi="http://www.w3.org/2001/XMLSchema-instance" xsi:noNamespaceSchemaLocation="https://maven.apache.org/surefire/maven-surefire-plugin/xsd/surefire-test-report-3.0.xsd" version="3.0" name="com.enterprise.dependency.engine.ClaimProcessingEngineTest" time="1.258" tests="5" errors="0" skipped="0" failures="0">
  <properties>
[...]
</properties>
  <testcase name="scoreShouldAssignConfidenceScoreBasedOnSourceType" classname="com.enterprise.dependency.engine.ClaimProcessingEngineTest" time="0.321">
    <system-out><![CDATA[03:11:01.017 [main] DEBUG org.springframework.test.context.BootstrapUtils - Instantiating CacheAwareContextLoaderDelegate from class [org.springframework.test.context.cache.DefaultCacheAwareContextLoaderDelegate]
03:11:01.021 [main] DEBUG org.springframework.test.context.BootstrapUtils - Instantiating BootstrapContext using constructor [public org.springframework.test.context.support.DefaultBootstrapContext(java.lang.Class,org.springframework.test.context.CacheAwareContextLoaderDelegate)]
03:11:01.034 [main] DEBUG org.springframework.test.context.BootstrapUtils - Instantiating TestContextBootstrapper for test class [com.enterprise.dependency.engine.ClaimProcessingEngineTest] from class [org.springframework.boot.test.context.SpringBootTestContextBootstrapper]
03:11:01.039 [main] INFO org.springframework.boot.test.context.SpringBootTestContextBootstrapper - Neither @ContextConfiguration nor @ContextHierarchy found for test class [com.enterprise.dependency.engine.ClaimProcessingEngineTest], using SpringBootContextLoader
03:11:01.040 [main] DEBUG org.springframework.test.context.support.AbstractContextLoader - Did not detect default resource location for test class [com.enterprise.dependency.engine.ClaimProcessingEngineTest]: class path resource [com/enterprise/dependency/engine/ClaimProcessingEngineTest-context.xml] does not exist
03:11:01.040 [main] DEBUG org.springframework.test.context.support.AbstractContextLoader - Did not detect default resource location for test class [com.enterprise.dependency.engine.ClaimProcessingEngineTest]: class path resource [com/enterprise/dependency/engine/ClaimProcessingEngineTestContext.groovy] does not exist
03:11:01.040 [main] INFO org.springframework.test.context.support.AbstractContextLoader - Could not detect default resource locations for test class [com.enterprise.dependency.engine.ClaimProcessingEngineTest]: no resource found for suffixes {-context.xml, Context.groovy}.
03:11:01.040 [main] INFO org.springframework.test.context.support.AnnotationConfigContextLoaderUtils - Could not detect default configuration classes for test class [com.enterprise.dependency.engine.ClaimProcessingEngineTest]: ClaimProcessingEngineTest does not declare any static, non-private, non-final, nested classes annotated with @Configuration.
03:11:01.054 [main] DEBUG org.springframework.test.context.support.ActiveProfilesUtils - Could not find an 'annotation declaring class' for annotation type [org.springframework.test.context.ActiveProfiles] and class [com.enterprise.dependency.engine.ClaimProcessingEngineTest]
03:11:01.078 [main] DEBUG org.springframework.context.annotation.ClassPathScanningCandidateComponentProvider - Identified candidate component class: file [/Users/theamol/Downloads/fresh/Maven/dependency-matrix/target/classes/com/enterprise/dependency/DependencyMatrixApplication.class]
03:11:01.079 [main] INFO org.springframework.boot.test.context.SpringBootTestContextBootstrapper - Found @SpringBootConfiguration com.enterprise.dependency.DependencyMatrixApplication for test class com.enterprise.dependency.engine.ClaimProcessingEngineTest
03:11:01.105 [main] DEBUG org.springframework.boot.test.context.SpringBootTestContextBootstrapper - @TestExecutionListeners is not present for class [com.enterprise.dependency.engine.ClaimProcessingEngineTest]: using defaults.
03:11:01.105 [main] INFO org.springframework.boot.test.context.SpringBootTestContextBootstrapper - Loaded default TestExecutionListener class names from location [META-INF/spring.factories]: [org.springframework.boot.test.mock.mockito.MockitoTestExecutionListener, org.springframework.boot.test.mock.mockito.ResetMocksTestExecutionListener, org.springframework.boot.test.autoconfigure.restdocs.RestDocsTestExecutionListener, org.springframework.boot.test.autoconfigure.web.client.MockRestServiceServerResetTestExecutionListener, org.springframework.boot.test.autoconfigure.web.servlet.MockMvcPrintOnlyOnFailureTestExecutionListener, org.springframework.boot.test.autoconfigure.web.servlet.WebDriverTestExecutionListener, org.springframework.boot.test.autoconfigure.webservices.client.MockWebServiceServerTestExecutionListener, org.springframework.test.context.web.ServletTestExecutionListener, org.springframework.test.context.support.DirtiesContextBeforeModesTestExecutionListener, org.springframework.test.context.event.ApplicationEventsTestExecutionListener, org.springframework.test.context.support.DependencyInjectionTestExecutionListener, org.springframework.test.context.support.DirtiesContextTestExecutionListener, org.springframework.test.context.transaction.TransactionalTestExecutionListener, org.springframework.test.context.jdbc.SqlScriptsTestExecutionListener, org.springframework.test.context.event.EventPublishingTestExecutionListener]
03:11:01.112 [main] INFO org.springframework.boot.test.context.SpringBootTestContextBootstrapper - Using TestExecutionListeners: [org.springframework.test.context.web.ServletTestExecutionListener@52500920, org.springframework.test.context.support.DirtiesContextBeforeModesTestExecutionListener@117e0fe5, org.springframework.test.context.event.ApplicationEventsTestExecutionListener@18a3962d, org.springframework.boot.test.mock.mockito.MockitoTestExecutionListener@78aea4b9, org.springframework.boot.test.autoconfigure.SpringBootDependencyInjectionTestExecutionListener@2a65bb85, org.springframework.test.context.support.DirtiesContextTestExecutionListener@4b85880b, org.springframework.test.context.transaction.TransactionalTestExecutionListener@4f936da8, org.springframework.test.context.jdbc.SqlScriptsTestExecutionListener@4215838f, org.springframework.test.context.event.EventPublishingTestExecutionListener@452ba1db, org.springframework.boot.test.mock.mockito.ResetMocksTestExecutionListener@2289aca5, org.springframework.boot.test.autoconfigure.restdocs.RestDocsTestExecutionListener@76a36b71, org.springframework.boot.test.autoconfigure.web.client.MockRestServiceServerResetTestExecutionListener@184497d1, org.springframework.boot.test.autoconfigure.web.servlet.MockMvcPrintOnlyOnFailureTestExecutionListener@f9d87b, org.springframework.boot.test.autoconfigure.web.servlet.WebDriverTestExecutionListener@6ffab045, org.springframework.boot.test.autoconfigure.webservices.client.MockWebServiceServerTestExecutionListener@26fb628]
03:11:01.113 [main] DEBUG org.springframework.test.context.support.AbstractDirtiesContextTestExecutionListener - Before test class: context [DefaultTestContext@6a62689d testClass = ClaimProcessingEngineTest, testInstance = [null], testMethod = [null], testException = [null], mergedContextConfiguration = [WebMergedContextConfiguration@4602c2a9 testClass = ClaimProcessingEngineTest, locations = '{}', classes = '{class com.enterprise.dependency.DependencyMatrixApplication}', contextInitializerClasses = '[]', activeProfiles = '{}', propertySourceLocations = '{}', propertySourceProperties = '{org.springframework.boot.test.context.SpringBootTestContextBootstrapper=true}', contextCustomizers = set[org.springframework.boot.test.context.filter.ExcludeFilterContextCustomizer@421bba99, org.springframework.boot.test.json.DuplicateJsonObjectContextCustomizerFactory$DuplicateJsonObjectContextCustomizer@31bcf236, org.springframework.boot.test.mock.mockito.MockitoContextCustomizer@0, org.springframework.boot.test.web.client.TestRestTemplateContextCustomizer@253d9f73, org.springframework.boot.test.autoconfigure.actuate.metrics.MetricsExportContextCustomizerFactory$DisableMetricExportContextCustomizer@324a0017, org.springframework.boot.test.autoconfigure.properties.PropertyMappingContextCustomizer@0, org.springframework.boot.test.autoconfigure.web.servlet.WebDriverContextCustomizerFactory$Customizer@35229f85, org.springframework.boot.test.context.SpringBootTestArgs@1, org.springframework.boot.test.context.SpringBootTestWebEnvironment@35fc6dc4], resourceBasePath = 'src/main/webapp', contextLoader = 'org.springframework.boot.test.context.SpringBootContextLoader', parent = [null]], attributes = map['org.springframework.test.context.web.ServletTestExecutionListener.activateListener' -> true]], class annotated with @DirtiesContext [false] with mode [null].

  .   ____          _            __ _ _
 /\\ / ___'_ __ _ _(_)_ __  __ _ \ \ \ \
( ( )\___ | '_ | '_| | '_ \/ _` | \ \ \ \
 \\/  ___)| |_)| | | | | || (_| |  ) ) ) )
  '  |____| .__|_| |_|_| |_\__, | / / / /
 =========|_|==============|___/=/_/_/_/
&amp#27;[32m :: Spring Boot :: &amp#27;[39m             &amp#27;[2m (v2.7.18)&amp#27;[0;39m

&amp#27;[2m2025-07-05 03:11:01.225&amp#27;[0;39m &amp#27;[32m INFO&amp#27;[0;39m &amp#27;[35m44123&amp#27;[0;39m &amp#27;[2m---&amp#27;[0;39m &amp#27;[2m[           main]&amp#27;[0;39m &amp#27;[36mc.e.d.engine.ClaimProcessingEngineTest  &amp#27;[0;39m &amp#27;[2m:&amp#27;[0;39m Starting ClaimProcessingEngineTest using Java 24.0.1 on Amols-MacBook-Pro-8.local with PID 44123 (started by theamol in /Users/theamol/Downloads/fresh/Maven/dependency-matrix)
&amp#27;[2m2025-07-05 03:11:01.225&amp#27;[0;39m &amp#27;[32m INFO&amp#27;[0;39m &amp#27;[35m44123&amp#27;[0;39m &amp#27;[2m---&amp#27;[0;39m &amp#27;[2m[           main]&amp#27;[0;39m &amp#27;[36mc.e.d.engine.ClaimProcessingEngineTest  &amp#27;[0;39m &amp#27;[2m:&amp#27;[0;39m No active profile set, falling back to 1 default profile: "default"
&amp#27;[2m2025-07-05 03:11:01.437&amp#27;[0;39m &amp#27;[32m INFO&amp#27;[0;39m &amp#27;[35m44123&amp#27;[0;39m &amp#27;[2m---&amp#27;[0;39m &amp#27;[2m[           main]&amp#27;[0;39m &amp#27;[36m.s.d.r.c.RepositoryConfigurationDelegate&amp#27;[0;39m &amp#27;[2m:&amp#27;[0;39m Multiple Spring Data modules found, entering strict repository configuration mode
&amp#27;[2m2025-07-05 03:11:01.437&amp#27;[0;39m &amp#27;[32m INFO&amp#27;[0;39m &amp#27;[35m44123&amp#27;[0;39m &amp#27;[2m---&amp#27;[0;39m &amp#27;[2m[           main]&amp#27;[0;39m &amp#27;[36m.s.d.r.c.RepositoryConfigurationDelegate&amp#27;[0;39m &amp#27;[2m:&amp#27;[0;39m Bootstrapping Spring Data Neo4j repositories in DEFAULT mode.
&amp#27;[2m2025-07-05 03:11:01.443&amp#27;[0;39m &amp#27;[32m INFO&amp#27;[0;39m &amp#27;[35m44123&amp#27;[0;39m &amp#27;[2m---&amp#27;[0;39m &amp#27;[2m[           main]&amp#27;[0;39m &amp#27;[36m.s.d.r.c.RepositoryConfigurationDelegate&amp#27;[0;39m &amp#27;[2m:&amp#27;[0;39m Finished Spring Data repository scanning in 3 ms. Found 0 Neo4j repository interfaces.
&amp#27;[2m2025-07-05 03:11:01.554&amp#27;[0;39m &amp#27;[33m WARN&amp#27;[0;39m &amp#27;[35m44123&amp#27;[0;39m &amp#27;[2m---&amp#27;[0;39m &amp#27;[2m[           main]&amp#27;[0;39m &amp#27;[36mc.e.d.scoring.DynamicRuleEngine         &amp#27;[0;39m &amp#27;[2m:&amp#27;[0;39m Could not load rules from file, using defaults.
&amp#27;[2m2025-07-05 03:11:01.554&amp#27;[0;39m &amp#27;[32m INFO&amp#27;[0;39m &amp#27;[35m44123&amp#27;[0;39m &amp#27;[2m---&amp#27;[0;39m &amp#27;[2m[           main]&amp#27;[0;39m &amp#27;[36mc.e.d.engine.ClaimProcessingEngine      &amp#27;[0;39m &amp#27;[2m:&amp#27;[0;39m ClaimProcessingEngine initialized with scoring engine: DynamicRuleEngine
&amp#27;[2m2025-07-05 03:11:01.569&amp#27;[0;39m &amp#27;[32m INFO&amp#27;[0;39m &amp#27;[35m44123&amp#27;[0;39m &amp#27;[2m---&amp#27;[0;39m &amp#27;[2m[           main]&amp#27;[0;39m &amp#27;[36mc.e.dependency.web.ParserController     &amp#27;[0;39m &amp#27;[2m:&amp#27;[0;39m ParserController initialized successfully
&amp#27;[2m2025-07-05 03:11:01.912&amp#27;[0;39m &amp#27;[32m INFO&amp#27;[0;39m &amp#27;[35m44123&amp#27;[0;39m &amp#27;[2m---&amp#27;[0;39m &amp#27;[2m[           main]&amp#27;[0;39m &amp#27;[36morg.neo4j.driver.internal.DriverFactory &amp#27;[0;39m &amp#27;[2m:&amp#27;[0;39m Direct driver instance 589166341 created for server address localhost:7687
&amp#27;[2m2025-07-05 03:11:01.933&amp#27;[0;39m &amp#27;[32m INFO&amp#27;[0;39m &amp#27;[35m44123&amp#27;[0;39m &amp#27;[2m---&amp#27;[0;39m &amp#27;[2m[           main]&amp#27;[0;39m &amp#27;[36mc.e.d.engine.ClaimProcessingEngineTest  &amp#27;[0;39m &amp#27;[2m:&amp#27;[0;39m Started ClaimProcessingEngineTest in 0.808 seconds (JVM running for 1.333)
]]></system-out>
    <system-err><![CDATA[WARNING: A Java agent has been loaded dynamically (/Users/theamol/.m2/repository/net/bytebuddy/byte-buddy-agent/1.14.1/byte-buddy-agent-1.14.1.jar)
WARNING: If a serviceability tool is in use, please run with -XX:+EnableDynamicAgentLoading to hide this warning
WARNING: If a serviceability tool is not in use, please run with -Djdk.instrument.traceUsage for more information
WARNING: Dynamic loading of agents will be disallowed by default in a future release
]]></system-err>
  </testcase>
  <testcase name="normalizeShouldReturnSameClaimForNow" classname="com.enterprise.dependency.engine.ClaimProcessingEngineTest" time="0.001"/>
  <testcase name="validateShouldThrowForMissingFields" classname="com.enterprise.dependency.engine.ClaimProcessingEngineTest" time="0.001"/>
  <testcase name="processClaimsShouldSkipInvalidClaims" classname="com.enterprise.dependency.engine.ClaimProcessingEngineTest" time="0.001"/>
  <testcase name="processClaimsShouldReturnValidClaims" classname="com.enterprise.dependency.engine.ClaimProcessingEngineTest" time="0.001">
    <system-out><![CDATA[&amp#27;[2m2025-07-05 03:11:02.268&amp#27;[0;39m &amp#27;[32m INFO&amp#27;[0;39m &amp#27;[35m44123&amp#27;[0;39m &amp#27;[2m---&amp#27;[0;39m &amp#27;[2m[           main]&amp#27;[0;39m &amp#27;[36mc.e.d.engine.ClaimProcessingEngine      &amp#27;[0;39m &amp#27;[2m:&amp#27;[0;39m Starting processing of 1 raw claims
&amp#27;[2m2025-07-05 03:11:02.268&amp#27;[0;39m &amp#27;[32m INFO&amp#27;[0;39m &amp#27;[35m44123&amp#27;[0;39m &amp#27;[2m---&amp#27;[0;39m &amp#27;[2m[           main]&amp#27;[0;39m &amp#27;[36mc.e.d.engine.ClaimProcessingEngine      &amp#27;[0;39m &amp#27;[2m:&amp#27;[0;39m Claim processing completed: 1 successful, 0 failed, took 0 ms
]]></system-out>
  </testcase>
</testsuite>